#
# There is insufficient memory for the Java Runtime Environment to continue.
# Native memory allocation (mmap) failed to map 201326592 bytes for Failed to commit area from 0x0000000701800000 to 0x000000070d800000 of length 201326592.
# Possible reasons:
#   The system is out of physical RAM or swap space
#   The process is running with CompressedOops enabled, and the Java Heap may be blocking the growth of the native heap
# Possible solutions:
#   Reduce memory load on the system
#   Increase physical memory or swap space
#   Check if swap backing store is full
#   Decrease Java heap size (-Xmx/-Xms)
#   Decrease number of Java threads
#   Decrease Java thread stack sizes (-Xss)
#   Set larger code cache with -XX:ReservedCodeCacheSize=
# This output file may be truncated or incomplete.
#
#  Out of Memory Error (t:/workspace/open/src/hotspot/os/windows/os_windows.cpp:3221), pid=27156, tid=5448
#
# JRE version:  (10.0.2+13) (build )
# Java VM: Java HotSpot(TM) 64-Bit Server VM (10.0.2+13, mixed mode, aot, tiered, compressed oops, g1 gc, windows-amd64)
# No core dump will be written. Minidumps are not enabled by default on client versions of Windows
#

---------------  S U M M A R Y ------------

Command Line: -Dfile.encoding=GBK --module-path=D:\BaiduNetdiskDownload\用java做界面+数据库连接\用java做界面+数据库连接\mysql-connector-java-8.0.11.jar exp.Pay_money

Host: Intel(R) Core(TM) i5-7200U CPU @ 2.50GHz, 4 cores, 11G,  Windows 10 , 64 bit Build 17134 (10.0.17134.706)
Time: Fri Apr 26 10:49:12 2019 ?D1ú±ê×?ê±?? elapsed time: 0 seconds (0d 0h 0m 0s)

---------------  T H R E A D  ---------------

Current thread (0x000001df44d58800):  JavaThread "Unknown thread" [_thread_in_vm, id=5448, stack(0x000000763f900000,0x000000763fa00000)]

Stack: [0x000000763f900000,0x000000763fa00000]
Native frames: (J=compiled Java code, j=interpreted, Vv=VM code, C=native code)
V  [jvm.dll+0x5a01a9]
V  [jvm.dll+0x6bcf31]
V  [jvm.dll+0x6be126]
V  [jvm.dll+0x6be7b3]
V  [jvm.dll+0x234978]
V  [jvm.dll+0x59dac4]
V  [jvm.dll+0x592825]
V  [jvm.dll+0x2f632b]
V  [jvm.dll+0x2f6295]
V  [jvm.dll+0x2f6172]
V  [jvm.dll+0x2f8366]
V  [jvm.dll+0x344293]
V  [jvm.dll+0x3449a6]
V  [jvm.dll+0x344393]
V  [jvm.dll+0x2c4628]
V  [jvm.dll+0x2c5771]
V  [jvm.dll+0x69d1db]
V  [jvm.dll+0x69e9fc]
V  [jvm.dll+0x3519e9]
V  [jvm.dll+0x6856a2]
V  [jvm.dll+0x3ba0c3]
V  [jvm.dll+0x3bc261]
C  [javaw.exe+0x3541]
C  [javaw.exe+0xe1cf]
C  [javaw.exe+0xe376]
C  [KERNEL32.DLL+0x14034]
C  [ntdll.dll+0x73691]


---------------  P R O C E S S  ---------------

Threads class SMR info:
_java_thread_list=0x000001df44c5a320, length=0, elements={
}

Java Threads: ( => current thread )

Other Threads:
  0x000001df44d6f800 GCTaskThread "GC Thread#0" [stack: 0x000000763fa00000,0x000000763fb00000] [id=10284]
  0x000001df44d70800 GCTaskThread "GC Thread#1" [stack: 0x000000763fb00000,0x000000763fc00000] [id=27140]
  0x000001df44d73800 GCTaskThread "GC Thread#2" [stack: 0x000000763fc00000,0x000000763fd00000] [id=26900]
  0x000001df44d7e800 GCTaskThread "GC Thread#3" [stack: 0x000000763fd00000,0x000000763fe00000] [id=9132]
  0x000001df44e21800 ConcurrentGCThread "G1 Main Marker" [stack: 0x000000763fe00000,0x000000763ff00000] [id=26580]
  0x000001df44e24800 ConcurrentGCThread "G1 Conc#0" [stack: 0x000000763ff00000,0x0000007640000000] [id=27040]

[error occurred during error reporting (printing all threads), id 0xe0000002]

VM state:not at safepoint (not fully initialized)

VM Mutex/Monitor currently owned by a thread:  ([mutex/lock_event])
[0x000001df44d56590] Heap_lock - owner thread: 0x000001df44d58800

Heap address: 0x0000000701800000, size: 3048 MB, Compressed Oops mode: Non-zero based: 0x0000000701800000
Narrow klass base: 0x0000000000000000, Narrow klass shift: 0

GC Heap History (0 events):
No events

Deoptimization events (0 events):
No events

Classes redefined (0 events):
No events

Internal exceptions (0 events):
No events

Events (0 events):
No events


Dynamic libraries:
0x00007ff72c2a0000 - 0x00007ff72c2de000 	C:\Program Files\Java\jre-10.0.2\bin\javaw.exe
0x00007ffbdd460000 - 0x00007ffbdd641000 	C:\WINDOWS\SYSTEM32\ntdll.dll
0x00007ffbc1590000 - 0x00007ffbc15a2000 	C:\Program Files\AVAST Software\Avast\aswhook.dll
0x00007ffbdd1d0000 - 0x00007ffbdd281000 	C:\WINDOWS\System32\KERNEL32.DLL
0x00007ffbd9830000 - 0x00007ffbd9aa3000 	C:\WINDOWS\System32\KERNELBASE.dll
0x00007ffbdbc60000 - 0x00007ffbdbd01000 	C:\WINDOWS\System32\ADVAPI32.dll
0x00007ffbdd290000 - 0x00007ffbdd32e000 	C:\WINDOWS\System32\msvcrt.dll
0x00007ffbdd3a0000 - 0x00007ffbdd3fb000 	C:\WINDOWS\System32\sechost.dll
0x00007ffbdba30000 - 0x00007ffbdbb54000 	C:\WINDOWS\System32\RPCRT4.dll
0x00007ffbdaf10000 - 0x00007ffbdb0a0000 	C:\WINDOWS\System32\USER32.dll
0x00007ffbd9d00000 - 0x00007ffbd9d20000 	C:\WINDOWS\System32\win32u.dll
0x00007ffbdbc30000 - 0x00007ffbdbc58000 	C:\WINDOWS\System32\GDI32.dll
0x00007ffbd9d20000 - 0x00007ffbd9eb2000 	C:\WINDOWS\System32\gdi32full.dll
0x00007ffbd9ec0000 - 0x00007ffbd9f5f000 	C:\WINDOWS\System32\msvcp_win.dll
0x00007ffbda7f0000 - 0x00007ffbda8e8000 	C:\WINDOWS\System32\ucrtbase.dll
0x00007ffbcbd30000 - 0x00007ffbcbf99000 	C:\WINDOWS\WinSxS\amd64_microsoft.windows.common-controls_6595b64144ccf1df_6.0.17134.706_none_fb43a2cb30647007\COMCTL32.dll
0x00007ffbdb480000 - 0x00007ffbdb7a2000 	C:\WINDOWS\System32\combase.dll
0x00007ffbd9f60000 - 0x00007ffbd9fda000 	C:\WINDOWS\System32\bcryptPrimitives.dll
0x00007ffbd8370000 - 0x00007ffbd837a000 	C:\WINDOWS\SYSTEM32\VERSION.dll
0x00007ffbdd400000 - 0x00007ffbdd42d000 	C:\WINDOWS\System32\IMM32.DLL
0x00007ffb98a00000 - 0x00007ffb98aef000 	C:\Program Files\Java\jre-10.0.2\bin\msvcr120.dll
0x00007ffb98950000 - 0x00007ffb989f6000 	C:\Program Files\Java\jre-10.0.2\bin\msvcp120.dll
0x0000000069200000 - 0x0000000069c70000 	C:\Program Files\Java\jre-10.0.2\bin\server\jvm.dll
0x00007ffbdaee0000 - 0x00007ffbdaee8000 	C:\WINDOWS\System32\PSAPI.DLL
0x00007ffbcb9a0000 - 0x00007ffbcb9a9000 	C:\WINDOWS\SYSTEM32\WSOCK32.dll
0x00007ffbdd330000 - 0x00007ffbdd39c000 	C:\WINDOWS\System32\WS2_32.dll
0x00007ffbd4aa0000 - 0x00007ffbd4ac3000 	C:\WINDOWS\SYSTEM32\WINMM.dll
0x00007ffbd4a50000 - 0x00007ffbd4a7a000 	C:\WINDOWS\SYSTEM32\WINMMBASE.dll
0x00007ffbda7a0000 - 0x00007ffbda7e9000 	C:\WINDOWS\System32\cfgmgr32.dll
0x00007ffbd1080000 - 0x00007ffbd108f000 	C:\Program Files\Java\jre-10.0.2\bin\verify.dll
0x00007ffbd0380000 - 0x00007ffbd0549000 	C:\WINDOWS\SYSTEM32\DBGHELP.DLL
0x00007ffbc83d0000 - 0x00007ffbc83f9000 	C:\WINDOWS\SYSTEM32\dbgcore.DLL
0x00007ffbc8e30000 - 0x00007ffbc8e57000 	C:\Program Files\Java\jre-10.0.2\bin\java.dll
0x00007ffbc6420000 - 0x00007ffbc6436000 	C:\Program Files\Java\jre-10.0.2\bin\zip.dll
0x00007ffbcde90000 - 0x00007ffbcde9a000 	C:\Program Files\Java\jre-10.0.2\bin\jimage.dll

dbghelp: loaded successfully - version: 4.0.5 - missing functions: none
symbol engine: initialized successfully - sym options: 0x614 - pdb path: .;C:\Program Files\Java\jre-10.0.2\bin;C:\WINDOWS\SYSTEM32;C:\Program Files\AVAST Software\Avast;C:\WINDOWS\WinSxS\amd64_microsoft.windows.common-controls_6595b64144ccf1df_6.0.17134.706_none_fb43a2cb30647007;C:\Program Files\Java\jre-10.0.2\bin\server

VM Arguments:
jvm_args: -Dfile.encoding=GBK --module-path=D:\BaiduNetdiskDownload\用java做界面+数据库连接\用java做界面+数据库连接\mysql-connector-java-8.0.11.jar 
java_command: exp.Pay_money
java_class_path (initial): D:\eclipse-workspace\exp\bin
Launcher Type: SUN_STANDARD

Logging:
Log output configuration:
#0: stdout all=warning uptime,level,tags
#1: stderr all=off uptime,level,tags

Environment Variables:
JAVA_HOME=C:\Program Files\Java\jdk-10.0.1
CLASSPATH=.;C:\Program Files\Java\jdk-10.0.1\lib;C:\Program Files\Java\jdk-10.0.1\lib\dt.jar;C:\Program Files\Java\jdk-10.0.1\lib\tools.jar;D:\SDK\platforms\android-22\android.jar;D:\SDK\extras\android\support\v4\android-support-v4.jar;D:\SDK\extras\android\support\v7\appcompat\libs\android-support-v7-appcompat.jar
PATH=C:\Program Files (x86)\Common Files\Oracle\Java\javapath;D:\CTEX\UserData\miktex\bin;D:\CTEX\MiKTeX\miktex\bin;D:\CTEX\CTeX\ctex\bin;D:\CTEX\CTeX\cct\bin;D:\CTEX\CTeX\ty\bin;D:\CTEX\Ghostscript\gs9.05\bin;D:\CTEX\GSview\gsview;D:\CTEX\WinEdt;D:\Program Files\Git\cmd;D:\Program Files\JetBrains\IntelliJ IDEA 2018.3\bin;C:\Program Files (x86)\Microsoft SQL Server\100\Tools\Binn\;C:\Program Files\Microsoft SQL Server\100\Tools\Binn\;C:\Program Files\Microsoft SQL Server\100\DTS\Binn\;C:\Program Files (x86)\Microsoft SQL Server\100\Tools\Binn\VSShell\Common7\IDE\;C:\Program Files (x86)\Microsoft Visual Studio 9.0\Common7\IDE\PrivateAssemblies\;C:\Program Files (x86)\Microsoft SQL Server\100\DTS\Binn\;C:\Program Files (x86)\Microsoft SQL Server\Client SDK\ODBC\130\Tools\Binn\;C:\Program Files (x86)\Microsoft SQL Server\140\Tools\Binn\;C:\Program Files (x86)\Microsoft SQL Server\140\DTS\Binn\;C:\Program Files (x86)\Microsoft SQL Server\140\Tools\Binn\ManagementStudio\;D:\PY3;D:\PY3\Lib\site-packages\django\bin\django-damin.py;C:\Program Files\MySQL\MySQL Server 8.0\bin;C:\windows\system32;;C:\WINDOWS;C:\WINDOWS\system32\wbem;D:\PY\Scripts\;D:\PY\;D:\Anaconda3;D:\Anaconda3\Library\mingw-w64\bin;D:\Anaconda3\Library\usr\bin;D:\Anaconda3\Library\bin;D:\Anaconda3\Scripts;C:\Program Files (x86)\Microsoft Visual Studio\Common\Tools\WinNT;C:\Program Files (x86)\Microsoft Visual Studio\Common\MSDev98\Bin;C:\Program Files (x86)\Microsoft Visual Studio\Common\Tools;C:\Program Files (x86)\Microsoft Visual Studio\VC98\bin;C:\Users\syz\AppData\Local\Programs\Python\Python36\Scripts\;C:\Users\syz\AppData\Local\Programs\Python\Python36\;C:\Users\syz\AppData\Local\Programs\Python\Python37\Scripts\;C:\Users\syz\AppData\Local\Programs\Python\Python37\;D:\Program Files\Scripts\;D:\Program Files\;C:\Users\syz\AppData\Local\Microsoft\WindowsApps;D:\Program Files\JetBrains\IntelliJ IDEA 2018.3\bin;;D:\Programs\VsCode\bin
USERNAME=史一哲shi
OS=Windows_NT
PROCESSOR_IDENTIFIER=Intel64 Family 6 Model 142 Stepping 9, GenuineIntel



---------------  S Y S T E M  ---------------

OS: Windows 10 , 64 bit Build 17134 (10.0.17134.706)

CPU:total 4 (initial active 4) (2 cores per cpu, 2 threads per core) family 6 model 142 stepping 9, cmov, cx8, fxsr, mmx, sse, sse2, sse3, ssse3, sse4.1, sse4.2, popcnt, avx, avx2, aes, clmul, erms, 3dnowpref, lzcnt, ht, tsc, tscinvbit, bmi1, bmi2, adx, fma

Memory: 4k page, physical 12483576k(3324444k free), swap 23015184k(199564k free)

vm_info: Java HotSpot(TM) 64-Bit Server VM (10.0.2+13) for windows-amd64 JRE (10.0.2+13), built on Jun 28 2018 01:57:56 by "mach5one" with MS VC++ 12.0 (VS2013)

END.
