#
# There is insufficient memory for the Java Runtime Environment to continue.
# Native memory allocation (mmap) failed to map 201326592 bytes for Failed to commit area from 0x0000000701800000 to 0x000000070d800000 of length 201326592.
# Possible reasons:
#   The system is out of physical RAM or swap space
#   The process is running with CompressedOops enabled, and the Java Heap may be blocking the growth of the native heap
# Possible solutions:
#   Reduce memory load on the system
#   Increase physical memory or swap space
#   Check if swap backing store is full
#   Decrease Java heap size (-Xmx/-Xms)
#   Decrease number of Java threads
#   Decrease Java thread stack sizes (-Xss)
#   Set larger code cache with -XX:ReservedCodeCacheSize=
# This output file may be truncated or incomplete.
#
#  Out of Memory Error (t:/workspace/open/src/hotspot/os/windows/os_windows.cpp:3221), pid=23680, tid=3968
#
# JRE version:  (10.0.2+13) (build )
# Java VM: Java HotSpot(TM) 64-Bit Server VM (10.0.2+13, mixed mode, aot, tiered, compressed oops, g1 gc, windows-amd64)
# No core dump will be written. Minidumps are not enabled by default on client versions of Windows
#

---------------  S U M M A R Y ------------

Command Line: -Dfile.encoding=GBK --module-path=D:\BaiduNetdiskDownload\用java做界面+数据库连接\用java做界面+数据库连接\mysql-connector-java-8.0.11.jar exp.view_bill

Host: Intel(R) Core(TM) i5-7200U CPU @ 2.50GHz, 4 cores, 11G,  Windows 10 , 64 bit Build 17134 (10.0.17134.706)
Time: Sat Apr 20 16:28:19 2019 ?D1ú±ê×?ê±?? elapsed time: 0 seconds (0d 0h 0m 0s)

---------------  T H R E A D  ---------------

Current thread (0x00000241a2b88800):  JavaThread "Unknown thread" [_thread_in_vm, id=3968, stack(0x000000efb3400000,0x000000efb3500000)]

Stack: [0x000000efb3400000,0x000000efb3500000]
Native frames: (J=compiled Java code, j=interpreted, Vv=VM code, C=native code)
V  [jvm.dll+0x5a01a9]
V  [jvm.dll+0x6bcf31]
V  [jvm.dll+0x6be126]
V  [jvm.dll+0x6be7b3]
V  [jvm.dll+0x234978]
V  [jvm.dll+0x59dac4]
V  [jvm.dll+0x592825]
V  [jvm.dll+0x2f632b]
V  [jvm.dll+0x2f6295]
V  [jvm.dll+0x2f6172]
V  [jvm.dll+0x2f8366]
V  [jvm.dll+0x344293]
V  [jvm.dll+0x3449a6]
V  [jvm.dll+0x344393]
V  [jvm.dll+0x2c4628]
V  [jvm.dll+0x2c5771]
V  [jvm.dll+0x69d1db]
V  [jvm.dll+0x69e9fc]
V  [jvm.dll+0x3519e9]
V  [jvm.dll+0x6856a2]
V  [jvm.dll+0x3ba0c3]
V  [jvm.dll+0x3bc261]
C  [javaw.exe+0x3541]
C  [javaw.exe+0xe1cf]
C  [javaw.exe+0xe376]
C  [KERNEL32.DLL+0x14034]
C  [ntdll.dll+0x73691]


---------------  P R O C E S S  ---------------

Threads class SMR info:
_java_thread_list=0x00000241a0729e00, length=0, elements={
}

Java Threads: ( => current thread )

Other Threads:
  0x00000241a2b9f800 GCTaskThread "GC Thread#0" [stack: 0x000000efb3500000,0x000000efb3600000] [id=28208]
  0x00000241a2ba0800 GCTaskThread "GC Thread#1" [stack: 0x000000efb3600000,0x000000efb3700000] [id=3860]
  0x00000241a2ba3800 GCTaskThread "GC Thread#2" [stack: 0x000000efb3700000,0x000000efb3800000] [id=28052]
  0x00000241a2ba6800 GCTaskThread "GC Thread#3" [stack: 0x000000efb3800000,0x000000efb3900000] [id=27484]
  0x00000241a2c52000 ConcurrentGCThread "G1 Main Marker" [stack: 0x000000efb3900000,0x000000efb3a00000] [id=28204]
  0x00000241a2c56800 ConcurrentGCThread "G1 Conc#0" [stack: 0x000000efb3a00000,0x000000efb3b00000] [id=24604]

[error occurred during error reporting (printing all threads), id 0xe0000002]

VM state:not at safepoint (not fully initialized)

VM Mutex/Monitor currently owned by a thread:  ([mutex/lock_event])
[0x00000241a2b872b0] Heap_lock - owner thread: 0x00000241a2b88800

Heap address: 0x0000000701800000, size: 3048 MB, Compressed Oops mode: Non-zero based: 0x0000000701800000
Narrow klass base: 0x0000000000000000, Narrow klass shift: 0

GC Heap History (0 events):
No events

Deoptimization events (0 events):
No events

Classes redefined (0 events):
No events

Internal exceptions (0 events):
No events

Events (0 events):
No events


Dynamic libraries:
0x00007ff724300000 - 0x00007ff72433e000 	C:\Program Files\Java\jre-10.0.2\bin\javaw.exe
0x00007ffa355a0000 - 0x00007ffa35781000 	C:\WINDOWS\SYSTEM32\ntdll.dll
0x00007ffa04c00000 - 0x00007ffa04c12000 	C:\Program Files\AVAST Software\Avast\aswhook.dll
0x00007ffa34ba0000 - 0x00007ffa34c51000 	C:\WINDOWS\System32\KERNEL32.DLL
0x00007ffa32710000 - 0x00007ffa32983000 	C:\WINDOWS\System32\KERNELBASE.dll
0x00007ffa34970000 - 0x00007ffa34a11000 	C:\WINDOWS\System32\ADVAPI32.dll
0x00007ffa35250000 - 0x00007ffa352ee000 	C:\WINDOWS\System32\msvcrt.dll
0x00007ffa345e0000 - 0x00007ffa3463b000 	C:\WINDOWS\System32\sechost.dll
0x00007ffa32c30000 - 0x00007ffa32d54000 	C:\WINDOWS\System32\RPCRT4.dll
0x00007ffa32a30000 - 0x00007ffa32bc0000 	C:\WINDOWS\System32\USER32.dll
0x00007ffa319c0000 - 0x00007ffa319e0000 	C:\WINDOWS\System32\win32u.dll
0x00007ffa348a0000 - 0x00007ffa348c8000 	C:\WINDOWS\System32\GDI32.dll
0x00007ffa31b60000 - 0x00007ffa31cf2000 	C:\WINDOWS\System32\gdi32full.dll
0x00007ffa32990000 - 0x00007ffa32a2f000 	C:\WINDOWS\System32\msvcp_win.dll
0x00007ffa319e0000 - 0x00007ffa31ad8000 	C:\WINDOWS\System32\ucrtbase.dll
0x00007ffa22a60000 - 0x00007ffa22cc9000 	C:\WINDOWS\WinSxS\amd64_microsoft.windows.common-controls_6595b64144ccf1df_6.0.17134.706_none_fb43a2cb30647007\COMCTL32.dll
0x00007ffa342b0000 - 0x00007ffa345d2000 	C:\WINDOWS\System32\combase.dll
0x00007ffa31ae0000 - 0x00007ffa31b5a000 	C:\WINDOWS\System32\bcryptPrimitives.dll
0x00007ffa26b80000 - 0x00007ffa26b8a000 	C:\WINDOWS\SYSTEM32\VERSION.dll
0x00007ffa34640000 - 0x00007ffa3466d000 	C:\WINDOWS\System32\IMM32.DLL
0x00007ff9f1740000 - 0x00007ff9f182f000 	C:\Program Files\Java\jre-10.0.2\bin\msvcr120.dll
0x00007ff9ecff0000 - 0x00007ff9ed096000 	C:\Program Files\Java\jre-10.0.2\bin\msvcp120.dll
0x0000000066c30000 - 0x00000000676a0000 	C:\Program Files\Java\jre-10.0.2\bin\server\jvm.dll
0x00007ffa32c20000 - 0x00007ffa32c28000 	C:\WINDOWS\System32\PSAPI.DLL
0x00007ffa21230000 - 0x00007ffa21239000 	C:\WINDOWS\SYSTEM32\WSOCK32.dll
0x00007ffa35350000 - 0x00007ffa353bc000 	C:\WINDOWS\System32\WS2_32.dll
0x00007ffa2f300000 - 0x00007ffa2f323000 	C:\WINDOWS\SYSTEM32\WINMM.dll
0x00007ffa2f2d0000 - 0x00007ffa2f2fa000 	C:\WINDOWS\SYSTEM32\WINMMBASE.dll
0x00007ffa31970000 - 0x00007ffa319b9000 	C:\WINDOWS\System32\cfgmgr32.dll
0x00007ffa26950000 - 0x00007ffa2695f000 	C:\Program Files\Java\jre-10.0.2\bin\verify.dll
0x00007ffa273f0000 - 0x00007ffa275b9000 	C:\WINDOWS\SYSTEM32\DBGHELP.DLL
0x00007ffa20300000 - 0x00007ffa20329000 	C:\WINDOWS\SYSTEM32\dbgcore.DLL
0x00007ffa049b0000 - 0x00007ffa049d7000 	C:\Program Files\Java\jre-10.0.2\bin\java.dll
0x00007ffa22f90000 - 0x00007ffa22fa6000 	C:\Program Files\Java\jre-10.0.2\bin\zip.dll
0x00007ffa267f0000 - 0x00007ffa267fa000 	C:\Program Files\Java\jre-10.0.2\bin\jimage.dll

dbghelp: loaded successfully - version: 4.0.5 - missing functions: none
symbol engine: initialized successfully - sym options: 0x614 - pdb path: .;C:\Program Files\Java\jre-10.0.2\bin;C:\WINDOWS\SYSTEM32;C:\Program Files\AVAST Software\Avast;C:\WINDOWS\WinSxS\amd64_microsoft.windows.common-controls_6595b64144ccf1df_6.0.17134.706_none_fb43a2cb30647007;C:\Program Files\Java\jre-10.0.2\bin\server

VM Arguments:
jvm_args: -Dfile.encoding=GBK --module-path=D:\BaiduNetdiskDownload\用java做界面+数据库连接\用java做界面+数据库连接\mysql-connector-java-8.0.11.jar 
java_command: exp.view_bill
java_class_path (initial): D:\eclipse-workspace\exp\bin
Launcher Type: SUN_STANDARD

Logging:
Log output configuration:
#0: stdout all=warning uptime,level,tags
#1: stderr all=off uptime,level,tags

Environment Variables:
JAVA_HOME=C:\Program Files\Java\jdk-10.0.1
CLASSPATH=.;C:\Program Files\Java\jdk-10.0.1\lib;C:\Program Files\Java\jdk-10.0.1\lib\dt.jar;C:\Program Files\Java\jdk-10.0.1\lib\tools.jar;D:\SDK\platforms\android-22\android.jar;D:\SDK\extras\android\support\v4\android-support-v4.jar;D:\SDK\extras\android\support\v7\appcompat\libs\android-support-v7-appcompat.jar
PATH=C:\Program Files (x86)\Common Files\Oracle\Java\javapath;D:\CTEX\UserData\miktex\bin;D:\CTEX\MiKTeX\miktex\bin;D:\CTEX\CTeX\ctex\bin;D:\CTEX\CTeX\cct\bin;D:\CTEX\CTeX\ty\bin;D:\CTEX\Ghostscript\gs9.05\bin;D:\CTEX\GSview\gsview;D:\CTEX\WinEdt;D:\Program Files\Git\cmd;D:\Program Files\JetBrains\IntelliJ IDEA 2018.3\bin;C:\Program Files (x86)\Microsoft SQL Server\100\Tools\Binn\;C:\Program Files\Microsoft SQL Server\100\Tools\Binn\;C:\Program Files\Microsoft SQL Server\100\DTS\Binn\;C:\Program Files (x86)\Microsoft SQL Server\100\Tools\Binn\VSShell\Common7\IDE\;C:\Program Files (x86)\Microsoft Visual Studio 9.0\Common7\IDE\PrivateAssemblies\;C:\Program Files (x86)\Microsoft SQL Server\100\DTS\Binn\;C:\Program Files (x86)\Microsoft SQL Server\Client SDK\ODBC\130\Tools\Binn\;C:\Program Files (x86)\Microsoft SQL Server\140\Tools\Binn\;C:\Program Files (x86)\Microsoft SQL Server\140\DTS\Binn\;C:\Program Files (x86)\Microsoft SQL Server\140\Tools\Binn\ManagementStudio\;D:\PY3;D:\PY3\Lib\site-packages\django\bin\django-damin.py;C:\Program Files\MySQL\MySQL Server 8.0\bin;C:\windows\system32;;C:\WINDOWS;C:\WINDOWS\system32\wbem;D:\PY\Scripts\;D:\PY\;D:\Anaconda3;D:\Anaconda3\Library\mingw-w64\bin;D:\Anaconda3\Library\usr\bin;D:\Anaconda3\Library\bin;D:\Anaconda3\Scripts;C:\Program Files (x86)\Microsoft Visual Studio\Common\Tools\WinNT;C:\Program Files (x86)\Microsoft Visual Studio\Common\MSDev98\Bin;C:\Program Files (x86)\Microsoft Visual Studio\Common\Tools;C:\Program Files (x86)\Microsoft Visual Studio\VC98\bin;C:\Users\syz\AppData\Local\Programs\Python\Python36\Scripts\;C:\Users\syz\AppData\Local\Programs\Python\Python36\;C:\Users\syz\AppData\Local\Programs\Python\Python37\Scripts\;C:\Users\syz\AppData\Local\Programs\Python\Python37\;D:\Program Files\Scripts\;D:\Program Files\;C:\Users\syz\AppData\Local\Microsoft\WindowsApps;D:\Program Files\JetBrains\IntelliJ IDEA 2018.3\bin;;D:\Programs\VsCode\bin
USERNAME=史一哲shi
OS=Windows_NT
PROCESSOR_IDENTIFIER=Intel64 Family 6 Model 142 Stepping 9, GenuineIntel



---------------  S Y S T E M  ---------------

OS: Windows 10 , 64 bit Build 17134 (10.0.17134.706)

CPU:total 4 (initial active 4) (2 cores per cpu, 2 threads per core) family 6 model 142 stepping 9, cmov, cx8, fxsr, mmx, sse, sse2, sse3, ssse3, sse4.1, sse4.2, popcnt, avx, avx2, aes, clmul, erms, 3dnowpref, lzcnt, ht, tsc, tscinvbit, bmi1, bmi2, adx, fma

Memory: 4k page, physical 12483576k(3498548k free), swap 24485040k(154888k free)

vm_info: Java HotSpot(TM) 64-Bit Server VM (10.0.2+13) for windows-amd64 JRE (10.0.2+13), built on Jun 28 2018 01:57:56 by "mach5one" with MS VC++ 12.0 (VS2013)

END.
